<?xml version="1.0" encoding="UTF-8"?>
<testsuite xmlns:xsi="http://www.w3.org/2001/XMLSchema-instance" xsi:noNamespaceSchemaLocation="https://maven.apache.org/surefire/maven-surefire-plugin/xsd/surefire-test-report.xsd" name="com.junit.AdditionalTest" time="0.037" tests="3" errors="0" skipped="0" failures="0">
  <properties>
[...]
</properties>
  <testcase name="testSetAge" classname="com.junit.AdditionalTest" time="0"/>
  <testcase name="testMultiply" classname="com.junit.AdditionalTest" time="0"/>
  <testcase name="hashTwoDynamicDirectoryWhichHaveSameContent{Path, Path}" classname="com.junit.AdditionalTest" time="0.037"/>
</testsuite>